2013-09-30 07:12:19,902 :=================================================
2013-09-30 07:12:19,902 :The dirpath is :
2013-09-30 07:12:19,902 :/root/workspace/v1.3/temp/java/com/yeelink/monitor/
2013-09-30 07:12:19,903 :=================================================
2013-09-30 07:12:19,903 :=================================================
2013-09-30 07:12:19,903 :patten is :
2013-09-30 07:12:19,903 :(.*)(((2[0-4]\d)|(25[0-5])|([01]?\d\d?))\.){3}((2[0-4]\d)|(25[0-5])|([01]?\d\d?))
2013-09-30 07:12:19,903 :=================================================
2013-09-30 07:12:19,913 :DeviceListActivity.java
2013-09-30 07:12:19,916 :=================================================
2013-09-30 07:12:19,916 :FILE:
2013-09-30 07:12:19,916 :/root/workspace/v1.3/temp/java/com/yeelink/monitor
2013-09-30 07:12:19,916 :/
2013-09-30 07:12:19,916 :DeviceListActivity.java
2013-09-30 07:12:19,916 :ChartActivity.java
2013-09-30 07:12:19,920 :=================================================
2013-09-30 07:12:19,920 :FILE:
2013-09-30 07:12:19,920 :/root/workspace/v1.3/temp/java/com/yeelink/monitor
2013-09-30 07:12:19,920 :/
2013-09-30 07:12:19,931 :ChartActivity.java
2013-09-30 07:12:19,931 :Device.java
2013-09-30 07:12:19,931 :=================================================
2013-09-30 07:12:19,931 :FILE:
2013-09-30 07:12:19,931 :/root/workspace/v1.3/temp/java/com/yeelink/monitor
2013-09-30 07:12:19,931 :/
2013-09-30 07:12:19,932 :Device.java
2013-09-30 07:12:19,932 :BuildConfig.java
2013-09-30 07:12:19,932 :=================================================
2013-09-30 07:12:19,932 :FILE:
2013-09-30 07:12:19,932 :/root/workspace/v1.3/temp/java/com/yeelink/monitor
2013-09-30 07:12:19,932 :/
2013-09-30 07:12:19,932 :BuildConfig.java
2013-09-30 07:12:19,932 :MainActivity.java
2013-09-30 07:12:19,934 :=================================================
2013-09-30 07:12:19,934 :FILE:
2013-09-30 07:12:19,934 :/root/workspace/v1.3/temp/java/com/yeelink/monitor
2013-09-30 07:12:19,934 :/
2013-09-30 07:12:19,934 :MainActivity.java
2013-09-30 07:12:19,934 :R.java
2013-09-30 07:12:19,948 :=================================================
2013-09-30 07:12:19,948 :FILE:
2013-09-30 07:12:19,948 :/root/workspace/v1.3/temp/java/com/yeelink/monitor
2013-09-30 07:12:19,948 :/
2013-09-30 07:12:19,948 :R.java
2013-09-30 07:12:19,948 :SensorListAdapter.java
2013-09-30 07:12:19,949 :=================================================
2013-09-30 07:12:19,949 :FILE:
2013-09-30 07:12:19,949 :/root/workspace/v1.3/temp/java/com/yeelink/monitor
2013-09-30 07:12:19,949 :/
2013-09-30 07:12:19,949 :SensorListAdapter.java
2013-09-30 07:12:19,949 :DeviceListAdapter.java
2013-09-30 07:12:19,950 :=================================================
2013-09-30 07:12:19,950 :FILE:
2013-09-30 07:12:19,954 :/root/workspace/v1.3/temp/java/com/yeelink/monitor
2013-09-30 07:12:19,954 :/
2013-09-30 07:12:19,954 :DeviceListAdapter.java
2013-09-30 07:12:19,954 :SensorListActivity.java
2013-09-30 07:12:19,960 :=================================================
2013-09-30 07:12:19,960 :FILE:
2013-09-30 07:12:19,960 :/root/workspace/v1.3/temp/java/com/yeelink/monitor
2013-09-30 07:12:19,960 :/
2013-09-30 07:12:19,961 :SensorListActivity.java
2013-09-30 07:12:19,961 :Point.java
2013-09-30 07:12:19,961 :=================================================
2013-09-30 07:12:19,961 :FILE:
2013-09-30 07:12:19,961 :/root/workspace/v1.3/temp/java/com/yeelink/monitor
2013-09-30 07:12:19,961 :/
2013-09-30 07:12:19,961 :Point.java
2013-09-30 07:12:19,961 :LoginActivity.java
2013-09-30 07:12:19,963 :=================================================
2013-09-30 07:12:19,963 :FILE:
2013-09-30 07:12:19,963 :/root/workspace/v1.3/temp/java/com/yeelink/monitor
2013-09-30 07:12:19,963 :/
2013-09-30 07:12:19,964 :LoginActivity.java
2013-09-30 07:12:19,964 :ChartData.java
2013-09-30 07:12:19,964 :=================================================
2013-09-30 07:12:19,964 :FILE:
2013-09-30 07:12:19,964 :/root/workspace/v1.3/temp/java/com/yeelink/monitor
2013-09-30 07:12:19,964 :/
2013-09-30 07:12:19,964 :ChartData.java
2013-09-30 07:12:19,964 :Sensor.java
2013-09-30 07:12:19,964 :=================================================
2013-09-30 07:12:19,965 :FILE:
2013-09-30 07:12:19,965 :/root/workspace/v1.3/temp/java/com/yeelink/monitor
2013-09-30 07:12:19,965 :/
2013-09-30 07:12:19,965 :Sensor.java
2013-09-30 07:12:19,965 :HttpUtils.java
2013-09-30 07:12:19,969 :=================================================
2013-09-30 07:12:19,970 :FILE:
2013-09-30 07:12:19,970 :/root/workspace/v1.3/temp/java/com/yeelink/monitor
2013-09-30 07:12:19,970 :/
2013-09-30 07:12:19,970 :HttpUtils.java
2013-09-30 07:12:19,970 :Monitor.java
2013-09-30 07:12:19,970 :=================================================
2013-09-30 07:12:19,970 :FILE:
2013-09-30 07:12:19,970 :/root/workspace/v1.3/temp/java/com/yeelink/monitor
2013-09-30 07:12:19,970 :/
2013-09-30 07:12:19,970 :Monitor.java
