2013-09-30 07:12:00,449 :=================================================
2013-09-30 07:12:00,449 :The dirpath is :
2013-09-30 07:12:00,449 :/root/workspace/v1.3/temp/java/com/yeelink/monitor/
2013-09-30 07:12:00,449 :=================================================
2013-09-30 07:12:00,449 :=================================================
2013-09-30 07:12:00,449 :patten is :
2013-09-30 07:12:00,450 :(.*)(((2[0-4]\d)|(25[0-5])|([01]?\d\d?))\.){3}((2[0-4]\d)|(25[0-5])|([01]?\d\d?))
2013-09-30 07:12:00,450 :=================================================
2013-09-30 07:12:00,450 :DeviceListActivity.java
2013-09-30 07:12:00,462 :=================================================
2013-09-30 07:12:00,462 :FILE:
2013-09-30 07:12:00,462 :/root/workspace/v1.3/temp/java/com/yeelink/monitor
2013-09-30 07:12:00,463 :/
2013-09-30 07:12:00,463 :DeviceListActivity.java
2013-09-30 07:12:00,463 :ChartActivity.java
2013-09-30 07:12:00,471 :=================================================
2013-09-30 07:12:00,471 :FILE:
2013-09-30 07:12:00,471 :/root/workspace/v1.3/temp/java/com/yeelink/monitor
2013-09-30 07:12:00,471 :/
2013-09-30 07:12:00,471 :ChartActivity.java
2013-09-30 07:12:00,471 :Device.java
2013-09-30 07:12:00,473 :=================================================
2013-09-30 07:12:00,473 :FILE:
2013-09-30 07:12:00,473 :/root/workspace/v1.3/temp/java/com/yeelink/monitor
2013-09-30 07:12:00,473 :/
2013-09-30 07:12:00,474 :Device.java
2013-09-30 07:12:00,474 :BuildConfig.java
2013-09-30 07:12:00,474 :=================================================
2013-09-30 07:12:00,474 :FILE:
2013-09-30 07:12:00,474 :/root/workspace/v1.3/temp/java/com/yeelink/monitor
2013-09-30 07:12:00,474 :/
2013-09-30 07:12:00,475 :BuildConfig.java
2013-09-30 07:12:00,475 :MainActivity.java
2013-09-30 07:12:00,477 :=================================================
2013-09-30 07:12:00,478 :FILE:
2013-09-30 07:12:00,478 :/root/workspace/v1.3/temp/java/com/yeelink/monitor
2013-09-30 07:12:00,478 :/
2013-09-30 07:12:00,478 :MainActivity.java
2013-09-30 07:12:00,478 :R.java
2013-09-30 07:12:00,482 :=================================================
2013-09-30 07:12:00,482 :FILE:
2013-09-30 07:12:00,482 :/root/workspace/v1.3/temp/java/com/yeelink/monitor
2013-09-30 07:12:00,482 :/
2013-09-30 07:12:00,482 :R.java
2013-09-30 07:12:00,482 :SensorListAdapter.java
2013-09-30 07:12:00,485 :=================================================
2013-09-30 07:12:00,485 :FILE:
2013-09-30 07:12:00,485 :/root/workspace/v1.3/temp/java/com/yeelink/monitor
2013-09-30 07:12:00,485 :/
2013-09-30 07:12:00,485 :SensorListAdapter.java
2013-09-30 07:12:00,485 :DeviceListAdapter.java
2013-09-30 07:12:00,490 :=================================================
2013-09-30 07:12:00,490 :FILE:
2013-09-30 07:12:00,490 :/root/workspace/v1.3/temp/java/com/yeelink/monitor
2013-09-30 07:12:00,490 :/
2013-09-30 07:12:00,491 :DeviceListAdapter.java
2013-09-30 07:12:00,491 :SensorListActivity.java
2013-09-30 07:12:00,494 :=================================================
2013-09-30 07:12:00,494 :FILE:
2013-09-30 07:12:00,494 :/root/workspace/v1.3/temp/java/com/yeelink/monitor
2013-09-30 07:12:00,494 :/
2013-09-30 07:12:00,494 :SensorListActivity.java
2013-09-30 07:12:00,494 :Point.java
2013-09-30 07:12:00,496 :=================================================
2013-09-30 07:12:00,496 :FILE:
2013-09-30 07:12:00,496 :/root/workspace/v1.3/temp/java/com/yeelink/monitor
2013-09-30 07:12:00,496 :/
2013-09-30 07:12:00,496 :Point.java
2013-09-30 07:12:00,496 :LoginActivity.java
2013-09-30 07:12:00,499 :=================================================
2013-09-30 07:12:00,499 :FILE:
2013-09-30 07:12:00,499 :/root/workspace/v1.3/temp/java/com/yeelink/monitor
2013-09-30 07:12:00,499 :/
2013-09-30 07:12:00,499 :LoginActivity.java
2013-09-30 07:12:00,499 :ChartData.java
2013-09-30 07:12:00,502 :=================================================
2013-09-30 07:12:00,503 :FILE:
2013-09-30 07:12:00,503 :/root/workspace/v1.3/temp/java/com/yeelink/monitor
2013-09-30 07:12:00,503 :/
2013-09-30 07:12:00,503 :ChartData.java
2013-09-30 07:12:00,503 :Sensor.java
2013-09-30 07:12:00,511 :=================================================
2013-09-30 07:12:00,511 :FILE:
2013-09-30 07:12:00,511 :/root/workspace/v1.3/temp/java/com/yeelink/monitor
2013-09-30 07:12:00,511 :/
2013-09-30 07:12:00,511 :Sensor.java
2013-09-30 07:12:00,511 :HttpUtils.java
2013-09-30 07:12:00,516 :=================================================
2013-09-30 07:12:00,516 :FILE:
2013-09-30 07:12:00,516 :/root/workspace/v1.3/temp/java/com/yeelink/monitor
2013-09-30 07:12:00,516 :/
2013-09-30 07:12:00,516 :HttpUtils.java
2013-09-30 07:12:00,516 :Monitor.java
2013-09-30 07:12:00,525 :=================================================
2013-09-30 07:12:00,525 :FILE:
2013-09-30 07:12:00,525 :/root/workspace/v1.3/temp/java/com/yeelink/monitor
2013-09-30 07:12:00,525 :/
2013-09-30 07:12:00,525 :Monitor.java
