2013-10-10 09:46:29,815 :=================================================
2013-10-10 09:46:29,815 :The dirpath is :
2013-10-10 09:46:29,815 :/root/workspace/v1.3/temp/java/com/yeelink/monitor/
2013-10-10 09:46:29,815 :=================================================
2013-10-10 09:46:29,815 :=================================================
2013-10-10 09:46:29,815 :patten is :
2013-10-10 09:46:29,815 :(.*)(((2[0-4]\d)|(25[0-5])|([01]?\d\d?))\.){3}((2[0-4]\d)|(25[0-5])|([01]?\d\d?))
2013-10-10 09:46:29,816 :=================================================
2013-10-10 09:46:29,816 :DeviceListActivity.java
2013-10-10 09:46:29,822 :=================================================
2013-10-10 09:46:29,822 :FILE:
2013-10-10 09:46:29,822 :/root/workspace/v1.3/temp/java/com/yeelink/monitor
2013-10-10 09:46:29,822 :/
2013-10-10 09:46:29,822 :DeviceListActivity.java
2013-10-10 09:46:29,822 :ChartActivity.java
2013-10-10 09:46:29,838 :=================================================
2013-10-10 09:46:29,839 :FILE:
2013-10-10 09:46:29,839 :/root/workspace/v1.3/temp/java/com/yeelink/monitor
2013-10-10 09:46:29,839 :/
2013-10-10 09:46:29,839 :ChartActivity.java
2013-10-10 09:46:29,839 :Device.java
2013-10-10 09:46:29,840 :=================================================
2013-10-10 09:46:29,840 :FILE:
2013-10-10 09:46:29,840 :/root/workspace/v1.3/temp/java/com/yeelink/monitor
2013-10-10 09:46:29,840 :/
2013-10-10 09:46:29,840 :Device.java
2013-10-10 09:46:29,840 :BuildConfig.java
2013-10-10 09:46:29,841 :=================================================
2013-10-10 09:46:29,841 :FILE:
2013-10-10 09:46:29,841 :/root/workspace/v1.3/temp/java/com/yeelink/monitor
2013-10-10 09:46:29,841 :/
2013-10-10 09:46:29,841 :BuildConfig.java
2013-10-10 09:46:29,841 :MainActivity.java
2013-10-10 09:46:29,843 :=================================================
2013-10-10 09:46:29,843 :FILE:
2013-10-10 09:46:29,844 :/root/workspace/v1.3/temp/java/com/yeelink/monitor
2013-10-10 09:46:29,844 :/
2013-10-10 09:46:29,844 :MainActivity.java
2013-10-10 09:46:29,844 :R.java
2013-10-10 09:46:29,851 :=================================================
2013-10-10 09:46:29,851 :FILE:
2013-10-10 09:46:29,851 :/root/workspace/v1.3/temp/java/com/yeelink/monitor
2013-10-10 09:46:29,851 :/
2013-10-10 09:46:29,851 :R.java
2013-10-10 09:46:29,851 :SensorListAdapter.java
2013-10-10 09:46:29,853 :=================================================
2013-10-10 09:46:29,854 :FILE:
2013-10-10 09:46:29,854 :/root/workspace/v1.3/temp/java/com/yeelink/monitor
2013-10-10 09:46:29,854 :/
2013-10-10 09:46:29,854 :SensorListAdapter.java
2013-10-10 09:46:29,854 :DeviceListAdapter.java
2013-10-10 09:46:29,854 :=================================================
2013-10-10 09:46:29,855 :FILE:
2013-10-10 09:46:29,855 :/root/workspace/v1.3/temp/java/com/yeelink/monitor
2013-10-10 09:46:29,855 :/
2013-10-10 09:46:29,855 :DeviceListAdapter.java
2013-10-10 09:46:29,855 :SensorListActivity.java
2013-10-10 09:46:29,857 :=================================================
2013-10-10 09:46:29,857 :FILE:
2013-10-10 09:46:29,857 :/root/workspace/v1.3/temp/java/com/yeelink/monitor
2013-10-10 09:46:29,857 :/
2013-10-10 09:46:29,857 :SensorListActivity.java
2013-10-10 09:46:29,858 :Point.java
2013-10-10 09:46:29,858 :=================================================
2013-10-10 09:46:29,858 :FILE:
2013-10-10 09:46:29,858 :/root/workspace/v1.3/temp/java/com/yeelink/monitor
2013-10-10 09:46:29,858 :/
2013-10-10 09:46:29,858 :Point.java
2013-10-10 09:46:29,858 :LoginActivity.java
2013-10-10 09:46:29,861 :=================================================
2013-10-10 09:46:29,861 :FILE:
2013-10-10 09:46:29,861 :/root/workspace/v1.3/temp/java/com/yeelink/monitor
2013-10-10 09:46:29,861 :/
2013-10-10 09:46:29,861 :LoginActivity.java
2013-10-10 09:46:29,861 :ChartData.java
2013-10-10 09:46:29,861 :=================================================
2013-10-10 09:46:29,862 :FILE:
2013-10-10 09:46:29,862 :/root/workspace/v1.3/temp/java/com/yeelink/monitor
2013-10-10 09:46:29,862 :/
2013-10-10 09:46:29,862 :ChartData.java
2013-10-10 09:46:29,862 :Sensor.java
2013-10-10 09:46:29,862 :=================================================
2013-10-10 09:46:29,862 :FILE:
2013-10-10 09:46:29,862 :/root/workspace/v1.3/temp/java/com/yeelink/monitor
2013-10-10 09:46:29,862 :/
2013-10-10 09:46:29,863 :Sensor.java
2013-10-10 09:46:29,863 :HttpUtils.java
2013-10-10 09:46:29,868 :=================================================
2013-10-10 09:46:29,868 :FILE:
2013-10-10 09:46:29,868 :/root/workspace/v1.3/temp/java/com/yeelink/monitor
2013-10-10 09:46:29,868 :/
2013-10-10 09:46:29,868 :HttpUtils.java
2013-10-10 09:46:29,868 :AAA.java
2013-10-10 09:46:29,868 :=================================================
2013-10-10 09:46:29,868 :FILE:
2013-10-10 09:46:29,868 :/root/workspace/v1.3/temp/java/com/yeelink/monitor/a
2013-10-10 09:46:29,868 :/
2013-10-10 09:46:29,868 :AAA.java
2013-10-10 09:46:29,868 :Monitor.java
2013-10-10 09:46:29,869 :=================================================
2013-10-10 09:46:29,869 :FILE:
2013-10-10 09:46:29,869 :/root/workspace/v1.3/temp/java/com/yeelink/monitor
2013-10-10 09:46:29,869 :/
2013-10-10 09:46:29,869 :Monitor.java
