2013-10-10 09:46:18,633 :=================================================
2013-10-10 09:46:18,633 :The dirpath is :
2013-10-10 09:46:18,634 :/root/workspace/v1.3/temp/java/com/yeelink/monitor/
2013-10-10 09:46:18,634 :=================================================
2013-10-10 09:46:18,634 :=================================================
2013-10-10 09:46:18,634 :patten is :
2013-10-10 09:46:18,634 :(.*)(((2[0-4]\d)|(25[0-5])|([01]?\d\d?))\.){3}((2[0-4]\d)|(25[0-5])|([01]?\d\d?))
2013-10-10 09:46:18,634 :=================================================
2013-10-10 09:46:18,634 :DeviceListActivity.java
2013-10-10 09:46:18,640 :=================================================
2013-10-10 09:46:18,640 :FILE:
2013-10-10 09:46:18,640 :/root/workspace/v1.3/temp/java/com/yeelink/monitor
2013-10-10 09:46:18,640 :/
2013-10-10 09:46:18,640 :DeviceListActivity.java
2013-10-10 09:46:18,640 :ChartActivity.java
2013-10-10 09:46:18,654 :=================================================
2013-10-10 09:46:18,654 :FILE:
2013-10-10 09:46:18,654 :/root/workspace/v1.3/temp/java/com/yeelink/monitor
2013-10-10 09:46:18,654 :/
2013-10-10 09:46:18,655 :ChartActivity.java
2013-10-10 09:46:18,655 :Device.java
2013-10-10 09:46:18,655 :=================================================
2013-10-10 09:46:18,655 :FILE:
2013-10-10 09:46:18,655 :/root/workspace/v1.3/temp/java/com/yeelink/monitor
2013-10-10 09:46:18,655 :/
2013-10-10 09:46:18,655 :Device.java
2013-10-10 09:46:18,655 :BuildConfig.java
2013-10-10 09:46:18,656 :=================================================
2013-10-10 09:46:18,656 :FILE:
2013-10-10 09:46:18,656 :/root/workspace/v1.3/temp/java/com/yeelink/monitor
2013-10-10 09:46:18,656 :/
2013-10-10 09:46:18,656 :BuildConfig.java
2013-10-10 09:46:18,656 :MainActivity.java
2013-10-10 09:46:18,657 :=================================================
2013-10-10 09:46:18,658 :FILE:
2013-10-10 09:46:18,658 :/root/workspace/v1.3/temp/java/com/yeelink/monitor
2013-10-10 09:46:18,658 :/
2013-10-10 09:46:18,658 :MainActivity.java
2013-10-10 09:46:18,658 :R.java
2013-10-10 09:46:18,663 :=================================================
2013-10-10 09:46:18,663 :FILE:
2013-10-10 09:46:18,663 :/root/workspace/v1.3/temp/java/com/yeelink/monitor
2013-10-10 09:46:18,663 :/
2013-10-10 09:46:18,663 :R.java
2013-10-10 09:46:18,663 :SensorListAdapter.java
2013-10-10 09:46:18,664 :=================================================
2013-10-10 09:46:18,665 :FILE:
2013-10-10 09:46:18,665 :/root/workspace/v1.3/temp/java/com/yeelink/monitor
2013-10-10 09:46:18,665 :/
2013-10-10 09:46:18,665 :SensorListAdapter.java
2013-10-10 09:46:18,665 :DeviceListAdapter.java
2013-10-10 09:46:18,666 :=================================================
2013-10-10 09:46:18,666 :FILE:
2013-10-10 09:46:18,666 :/root/workspace/v1.3/temp/java/com/yeelink/monitor
2013-10-10 09:46:18,666 :/
2013-10-10 09:46:18,666 :DeviceListAdapter.java
2013-10-10 09:46:18,666 :SensorListActivity.java
2013-10-10 09:46:18,670 :=================================================
2013-10-10 09:46:18,670 :FILE:
2013-10-10 09:46:18,670 :/root/workspace/v1.3/temp/java/com/yeelink/monitor
2013-10-10 09:46:18,670 :/
2013-10-10 09:46:18,670 :SensorListActivity.java
2013-10-10 09:46:18,670 :Point.java
2013-10-10 09:46:18,670 :=================================================
2013-10-10 09:46:18,670 :FILE:
2013-10-10 09:46:18,671 :/root/workspace/v1.3/temp/java/com/yeelink/monitor
2013-10-10 09:46:18,671 :/
2013-10-10 09:46:18,671 :Point.java
2013-10-10 09:46:18,671 :LoginActivity.java
2013-10-10 09:46:18,673 :=================================================
2013-10-10 09:46:18,673 :FILE:
2013-10-10 09:46:18,673 :/root/workspace/v1.3/temp/java/com/yeelink/monitor
2013-10-10 09:46:18,673 :/
2013-10-10 09:46:18,673 :LoginActivity.java
2013-10-10 09:46:18,673 :ChartData.java
2013-10-10 09:46:18,673 :=================================================
2013-10-10 09:46:18,673 :FILE:
2013-10-10 09:46:18,673 :/root/workspace/v1.3/temp/java/com/yeelink/monitor
2013-10-10 09:46:18,673 :/
2013-10-10 09:46:18,673 :ChartData.java
2013-10-10 09:46:18,674 :Sensor.java
2013-10-10 09:46:18,674 :=================================================
2013-10-10 09:46:18,674 :FILE:
2013-10-10 09:46:18,674 :/root/workspace/v1.3/temp/java/com/yeelink/monitor
2013-10-10 09:46:18,674 :/
2013-10-10 09:46:18,674 :Sensor.java
2013-10-10 09:46:18,674 :HttpUtils.java
2013-10-10 09:46:18,679 :=================================================
2013-10-10 09:46:18,679 :FILE:
2013-10-10 09:46:18,679 :/root/workspace/v1.3/temp/java/com/yeelink/monitor
2013-10-10 09:46:18,679 :/
2013-10-10 09:46:18,679 :HttpUtils.java
2013-10-10 09:46:18,679 :AAA.java
2013-10-10 09:46:18,679 :=================================================
2013-10-10 09:46:18,679 :FILE:
2013-10-10 09:46:18,679 :/root/workspace/v1.3/temp/java/com/yeelink/monitor/a
2013-10-10 09:46:18,679 :/
2013-10-10 09:46:18,679 :AAA.java
2013-10-10 09:46:18,679 :Monitor.java
2013-10-10 09:46:18,680 :=================================================
2013-10-10 09:46:18,680 :FILE:
2013-10-10 09:46:18,680 :/root/workspace/v1.3/temp/java/com/yeelink/monitor
2013-10-10 09:46:18,680 :/
2013-10-10 09:46:18,680 :Monitor.java
