2013-10-10 09:46:17,029 :=================================================
2013-10-10 09:46:17,029 :The dirpath is :
2013-10-10 09:46:17,029 :/root/workspace/v1.3/temp/java/com/yeelink/monitor/
2013-10-10 09:46:17,029 :=================================================
2013-10-10 09:46:17,029 :=================================================
2013-10-10 09:46:17,029 :patten is :
2013-10-10 09:46:17,029 :(.*)(((2[0-4]\d)|(25[0-5])|([01]?\d\d?))\.){3}((2[0-4]\d)|(25[0-5])|([01]?\d\d?))
2013-10-10 09:46:17,029 :=================================================
2013-10-10 09:46:17,029 :DeviceListActivity.java
2013-10-10 09:46:17,042 :=================================================
2013-10-10 09:46:17,042 :FILE:
2013-10-10 09:46:17,042 :/root/workspace/v1.3/temp/java/com/yeelink/monitor
2013-10-10 09:46:17,042 :/
2013-10-10 09:46:17,042 :DeviceListActivity.java
2013-10-10 09:46:17,042 :ChartActivity.java
2013-10-10 09:46:17,052 :=================================================
2013-10-10 09:46:17,052 :FILE:
2013-10-10 09:46:17,052 :/root/workspace/v1.3/temp/java/com/yeelink/monitor
2013-10-10 09:46:17,052 :/
2013-10-10 09:46:17,052 :ChartActivity.java
2013-10-10 09:46:17,052 :Device.java
2013-10-10 09:46:17,056 :=================================================
2013-10-10 09:46:17,056 :FILE:
2013-10-10 09:46:17,057 :/root/workspace/v1.3/temp/java/com/yeelink/monitor
2013-10-10 09:46:17,057 :/
2013-10-10 09:46:17,057 :Device.java
2013-10-10 09:46:17,057 :BuildConfig.java
2013-10-10 09:46:17,058 :=================================================
2013-10-10 09:46:17,058 :FILE:
2013-10-10 09:46:17,058 :/root/workspace/v1.3/temp/java/com/yeelink/monitor
2013-10-10 09:46:17,058 :/
2013-10-10 09:46:17,059 :BuildConfig.java
2013-10-10 09:46:17,059 :MainActivity.java
2013-10-10 09:46:17,061 :=================================================
2013-10-10 09:46:17,061 :FILE:
2013-10-10 09:46:17,062 :/root/workspace/v1.3/temp/java/com/yeelink/monitor
2013-10-10 09:46:17,062 :/
2013-10-10 09:46:17,062 :MainActivity.java
2013-10-10 09:46:17,062 :R.java
2013-10-10 09:46:17,068 :=================================================
2013-10-10 09:46:17,071 :FILE:
2013-10-10 09:46:17,071 :/root/workspace/v1.3/temp/java/com/yeelink/monitor
2013-10-10 09:46:17,071 :/
2013-10-10 09:46:17,071 :R.java
2013-10-10 09:46:17,072 :SensorListAdapter.java
2013-10-10 09:46:17,073 :=================================================
2013-10-10 09:46:17,073 :FILE:
2013-10-10 09:46:17,073 :/root/workspace/v1.3/temp/java/com/yeelink/monitor
2013-10-10 09:46:17,074 :/
2013-10-10 09:46:17,074 :SensorListAdapter.java
2013-10-10 09:46:17,074 :DeviceListAdapter.java
2013-10-10 09:46:17,075 :=================================================
2013-10-10 09:46:17,075 :FILE:
2013-10-10 09:46:17,075 :/root/workspace/v1.3/temp/java/com/yeelink/monitor
2013-10-10 09:46:17,075 :/
2013-10-10 09:46:17,075 :DeviceListAdapter.java
2013-10-10 09:46:17,075 :SensorListActivity.java
2013-10-10 09:46:17,081 :=================================================
2013-10-10 09:46:17,081 :FILE:
2013-10-10 09:46:17,081 :/root/workspace/v1.3/temp/java/com/yeelink/monitor
2013-10-10 09:46:17,081 :/
2013-10-10 09:46:17,081 :SensorListActivity.java
2013-10-10 09:46:17,081 :Point.java
2013-10-10 09:46:17,084 :=================================================
2013-10-10 09:46:17,084 :FILE:
2013-10-10 09:46:17,084 :/root/workspace/v1.3/temp/java/com/yeelink/monitor
2013-10-10 09:46:17,084 :/
2013-10-10 09:46:17,084 :Point.java
2013-10-10 09:46:17,084 :LoginActivity.java
2013-10-10 09:46:17,090 :=================================================
2013-10-10 09:46:17,090 :FILE:
2013-10-10 09:46:17,090 :/root/workspace/v1.3/temp/java/com/yeelink/monitor
2013-10-10 09:46:17,090 :/
2013-10-10 09:46:17,090 :LoginActivity.java
2013-10-10 09:46:17,090 :ChartData.java
2013-10-10 09:46:17,092 :=================================================
2013-10-10 09:46:17,092 :FILE:
2013-10-10 09:46:17,092 :/root/workspace/v1.3/temp/java/com/yeelink/monitor
2013-10-10 09:46:17,092 :/
2013-10-10 09:46:17,092 :ChartData.java
2013-10-10 09:46:17,092 :Sensor.java
2013-10-10 09:46:17,094 :=================================================
2013-10-10 09:46:17,094 :FILE:
2013-10-10 09:46:17,094 :/root/workspace/v1.3/temp/java/com/yeelink/monitor
2013-10-10 09:46:17,094 :/
2013-10-10 09:46:17,094 :Sensor.java
2013-10-10 09:46:17,094 :HttpUtils.java
2013-10-10 09:46:17,103 :=================================================
2013-10-10 09:46:17,103 :FILE:
2013-10-10 09:46:17,103 :/root/workspace/v1.3/temp/java/com/yeelink/monitor
2013-10-10 09:46:17,103 :/
2013-10-10 09:46:17,103 :HttpUtils.java
2013-10-10 09:46:17,103 :AAA.java
2013-10-10 09:46:17,103 :=================================================
2013-10-10 09:46:17,103 :FILE:
2013-10-10 09:46:17,103 :/root/workspace/v1.3/temp/java/com/yeelink/monitor/a
2013-10-10 09:46:17,103 :/
2013-10-10 09:46:17,103 :AAA.java
2013-10-10 09:46:17,104 :Monitor.java
2013-10-10 09:46:17,105 :=================================================
2013-10-10 09:46:17,105 :FILE:
2013-10-10 09:46:17,105 :/root/workspace/v1.3/temp/java/com/yeelink/monitor
2013-10-10 09:46:17,105 :/
2013-10-10 09:46:17,105 :Monitor.java
